<?xml version="1.0" encoding="utf-8"?><testsuites name="pytest tests"><testsuite name="pytest" errors="0" failures="0" skipped="0" tests="11" time="0.458" timestamp="2025-08-13T18:10:33.635136+09:00" hostname="duri-head"><testcase classname="DuRiCore.test_integrated_safety_system.TestIntegratedSafetySystem" name="test_capacity_governance_integration" time="0.009" /><testcase classname="DuRiCore.test_integrated_safety_system.TestIntegratedSafetySystem" name="test_emergency_stop" time="0.002" /><testcase classname="DuRiCore.test_integrated_safety_system.TestIntegratedSafetySystem" name="test_equivalence_validator_integration" time="0.013" /><testcase classname="DuRiCore.test_integrated_safety_system.TestIntegratedSafetySystem" name="test_health_check" time="0.002" /><testcase classname="DuRiCore.test_integrated_safety_system.TestIntegratedSafetySystem" name="test_integration_check" time="0.017" /><testcase classname="DuRiCore.test_integrated_safety_system.TestIntegratedSafetySystem" name="test_integration_report" time="0.002" /><testcase classname="DuRiCore.test_integrated_safety_system.TestIntegratedSafetySystem" name="test_safety_framework_integration" time="0.004" /><testcase classname="DuRiCore.test_integrated_safety_system.TestIntegratedSafetySystem" name="test_system_initialization" time="0.002" /><testcase classname="DuRiCore.test_integrated_safety_system.TestIntegratedSafetySystem" name="test_work_item_management" time="0.006" /><testcase classname="DuRiCore.test_integrated_safety_system.TestPerformanceAndStress" name="test_concurrent_operations" time="0.012" /><testcase classname="DuRiCore.test_integrated_safety_system.TestPerformanceAndStress" name="test_day7_light_load" time="0.357" /></testsuite></testsuites>