<?xml version="1.0" encoding="UTF-8"?>
<testsuite name="day9_alerts" tests="3" failures="2">
  <testcase classname="alerts" name="timeout_wilson_ub"><failure message="timeout_wilson_ub 0.7935 > 0.02"></failure></testcase>
  <testcase classname="alerts" name="missing_wilson_ub"><failure message="missing_wilson_ub 0.7935 > 0.005"></failure></testcase>
</testsuite>