<?xml version="1.0" encoding="utf-8"?><testsuites name="pytest tests"><testsuite name="pytest" errors="0" failures="0" skipped="0" tests="1" time="0.024" timestamp="2025-08-13T18:10:34.221601+09:00" hostname="duri-head"><testcase classname="tests.test_day8_slo_gate.TestDay8SLOGate" name="test_slo_gate" time="0.001" /></testsuite></testsuites>